(MainThread) [03-29-2022 20:40:20 PM] INFO: Starting Donkey
(MainThread) [03-29-2022 20:40:29 PM] INFO: Starting Donkey
(Thread-2) [03-29-2022 20:40:29 PM] DEBUG: transfers:
{
    "WAITING": [],
    "QUEUED": [],
    "SUBMITTED": [],
    "DONE": []
}
(MainThread) [03-29-2022 20:40:43 PM] INFO: Starting Donkey
(Thread-2) [03-29-2022 20:40:43 PM] DEBUG: transfers:
{
    "WAITING": [],
    "QUEUED": [],
    "SUBMITTED": [],
    "DONE": []
}
(Thread-2) [03-29-2022 20:40:53 PM] DEBUG: transfers:
{
    "WAITING": [],
    "QUEUED": [],
    "SUBMITTED": [],
    "DONE": []
}
(Thread-2) [03-29-2022 20:41:03 PM] DEBUG: transfers:
{
    "WAITING": [],
    "QUEUED": [],
    "SUBMITTED": [],
    "DONE": []
}
(MainThread) [03-29-2022 20:41:05 PM] INFO: Stopping Donkey (received SIGINT)
(MainThread) [03-29-2022 20:41:13 PM] INFO: Stopping Donkey (received SIGINT)
(MainThread) [03-29-2022 20:41:46 PM] INFO: Starting Donkey
(MainThread) [03-29-2022 20:43:42 PM] INFO: Starting Donkey
(Thread-2) [03-29-2022 20:43:42 PM] DEBUG: WAITING: 10
(Thread-2) [03-29-2022 20:43:42 PM] DEBUG: QUEUED: 0
(Thread-2) [03-29-2022 20:43:42 PM] DEBUG: SUBMITTED: 0
(Thread-2) [03-29-2022 20:43:42 PM] DEBUG: DONE: 0
(MainThread) [03-29-2022 20:49:25 PM] INFO: Starting Donkey
(Thread-2) [03-29-2022 20:49:25 PM] DEBUG: WAITING: 10
(Thread-2) [03-29-2022 20:49:25 PM] DEBUG: QUEUED: 0
(Thread-2) [03-29-2022 20:49:25 PM] DEBUG: SUBMITTED: 0
(Thread-2) [03-29-2022 20:49:25 PM] DEBUG: DONE: 0
(MainThread) [03-29-2022 20:49:29 PM] INFO: Starting Donkey
(Thread-2) [03-29-2022 20:49:29 PM] DEBUG: WAITING: 10
(Thread-2) [03-29-2022 20:49:29 PM] DEBUG: QUEUED: 0
(Thread-2) [03-29-2022 20:49:29 PM] DEBUG: SUBMITTED: 0
(Thread-2) [03-29-2022 20:49:29 PM] DEBUG: DONE: 0
(Thread-2) [03-29-2022 20:49:39 PM] DEBUG: WAITING: 0
(Thread-2) [03-29-2022 20:49:39 PM] DEBUG: QUEUED: 10
(Thread-2) [03-29-2022 20:49:39 PM] DEBUG: SUBMITTED: 0
(Thread-2) [03-29-2022 20:49:39 PM] DEBUG: DONE: 0
(Thread-2) [03-29-2022 20:49:50 PM] DEBUG: WAITING: 0
(Thread-2) [03-29-2022 20:49:50 PM] DEBUG: QUEUED: 0
(Thread-2) [03-29-2022 20:49:50 PM] DEBUG: SUBMITTED: 10
(Thread-2) [03-29-2022 20:49:50 PM] DEBUG: DONE: 0
(Thread-2) [03-29-2022 20:50:00 PM] DEBUG: WAITING: 0
(Thread-2) [03-29-2022 20:50:00 PM] DEBUG: QUEUED: 0
(Thread-2) [03-29-2022 20:50:00 PM] DEBUG: SUBMITTED: 0
(Thread-2) [03-29-2022 20:50:00 PM] DEBUG: DONE: 0
(MainThread) [03-29-2022 20:50:04 PM] INFO: Stopping Donkey (received SIGINT)
(MainThread) [03-29-2022 20:50:10 PM] INFO: Stopping Donkey (received SIGINT)
(MainThread) [03-29-2022 20:55:43 PM] INFO: Starting Donkey
(Thread-2) [03-29-2022 20:55:43 PM] DEBUG: WAITING: 10
(Thread-2) [03-29-2022 20:55:43 PM] DEBUG: QUEUED: 0
(Thread-2) [03-29-2022 20:55:43 PM] DEBUG: SUBMITTED: 0
(Thread-2) [03-29-2022 20:55:43 PM] DEBUG: DONE: 0
(MainThread) [03-29-2022 20:55:45 PM] INFO: Stopping Donkey (received SIGINT)
(MainThread) [03-29-2022 20:55:49 PM] INFO: Starting Donkey
(Thread-2) [03-29-2022 20:55:49 PM] DEBUG: WAITING: 10
(Thread-2) [03-29-2022 20:55:49 PM] DEBUG: QUEUED: 0
(Thread-2) [03-29-2022 20:55:49 PM] DEBUG: SUBMITTED: 0
(Thread-2) [03-29-2022 20:55:49 PM] DEBUG: DONE: 0
(MainThread) [03-29-2022 20:55:55 PM] INFO: Stopping Donkey (received SIGINT)
(MainThread) [03-29-2022 21:02:24 PM] INFO: Starting Donkey
(Thread-2) [03-29-2022 21:02:24 PM] DEBUG: WAITING: 10
(Thread-2) [03-29-2022 21:02:24 PM] DEBUG: QUEUED: 0
(Thread-2) [03-29-2022 21:02:24 PM] DEBUG: SUBMITTED: 0
(Thread-2) [03-29-2022 21:02:24 PM] DEBUG: DONE: 0
(Thread-2) [03-29-2022 21:02:34 PM] DEBUG: WAITING: 0
(Thread-2) [03-29-2022 21:02:34 PM] DEBUG: QUEUED: 10
(Thread-2) [03-29-2022 21:02:34 PM] DEBUG: SUBMITTED: 0
(Thread-2) [03-29-2022 21:02:34 PM] DEBUG: DONE: 0
(Thread-2) [03-29-2022 21:02:44 PM] DEBUG: WAITING: 0
(Thread-2) [03-29-2022 21:02:44 PM] DEBUG: QUEUED: 0
(Thread-2) [03-29-2022 21:02:44 PM] DEBUG: SUBMITTED: 10
(Thread-2) [03-29-2022 21:02:44 PM] DEBUG: DONE: 0
(Thread-2) [03-29-2022 21:02:54 PM] DEBUG: WAITING: 0
(Thread-2) [03-29-2022 21:02:54 PM] DEBUG: QUEUED: 0
(Thread-2) [03-29-2022 21:02:54 PM] DEBUG: SUBMITTED: 0
(Thread-2) [03-29-2022 21:02:54 PM] DEBUG: DONE: 10
(Thread-2) [03-29-2022 21:03:05 PM] DEBUG: WAITING: 0
(Thread-2) [03-29-2022 21:03:05 PM] DEBUG: QUEUED: 0
(Thread-2) [03-29-2022 21:03:05 PM] DEBUG: SUBMITTED: 0
(Thread-2) [03-29-2022 21:03:05 PM] DEBUG: DONE: 0
(Thread-2) [03-29-2022 21:03:15 PM] DEBUG: WAITING: 0
(Thread-2) [03-29-2022 21:03:15 PM] DEBUG: QUEUED: 0
(Thread-2) [03-29-2022 21:03:15 PM] DEBUG: SUBMITTED: 0
(Thread-2) [03-29-2022 21:03:15 PM] DEBUG: DONE: 0
(Thread-2) [03-29-2022 21:03:25 PM] DEBUG: WAITING: 0
(Thread-2) [03-29-2022 21:03:25 PM] DEBUG: QUEUED: 0
(Thread-2) [03-29-2022 21:03:25 PM] DEBUG: SUBMITTED: 0
(Thread-2) [03-29-2022 21:03:25 PM] DEBUG: DONE: 0
(MainThread) [03-29-2022 21:03:26 PM] INFO: Stopping Donkey (received SIGINT)
(MainThread) [03-29-2022 21:08:40 PM] INFO: Starting Donkey
(Thread-2) [03-29-2022 21:08:40 PM] DEBUG: Starting heartbeat {n_heartbeats}
(Thread-2) [03-29-2022 21:08:40 PM] DEBUG:     WAITING: 10
(Thread-2) [03-29-2022 21:08:40 PM] DEBUG:     QUEUED: 0
(Thread-2) [03-29-2022 21:08:40 PM] DEBUG:     SUBMITTED: 0
(Thread-2) [03-29-2022 21:08:40 PM] DEBUG:     DONE: 0
(MainThread) [03-29-2022 21:08:50 PM] INFO: Stopping Donkey (received SIGINT)
(MainThread) [03-29-2022 21:09:12 PM] INFO: Starting Donkey
(Thread-2) [03-29-2022 21:09:12 PM] DEBUG: Starting heartbeat 0
(Thread-2) [03-29-2022 21:09:12 PM] DEBUG:     WAITING: 10
(Thread-2) [03-29-2022 21:09:12 PM] DEBUG:     QUEUED: 0
(Thread-2) [03-29-2022 21:09:12 PM] DEBUG:     SUBMITTED: 0
(Thread-2) [03-29-2022 21:09:12 PM] DEBUG:     DONE: 0
(Thread-2) [03-29-2022 21:09:22 PM] DEBUG: Starting heartbeat 1
(Thread-2) [03-29-2022 21:09:22 PM] DEBUG:     WAITING: 0
(Thread-2) [03-29-2022 21:09:22 PM] DEBUG:     QUEUED: 10
(Thread-2) [03-29-2022 21:09:22 PM] DEBUG:     SUBMITTED: 0
(Thread-2) [03-29-2022 21:09:22 PM] DEBUG:     DONE: 0
(Thread-2) [03-29-2022 21:09:33 PM] DEBUG: Starting heartbeat 2
(Thread-2) [03-29-2022 21:09:33 PM] DEBUG:     WAITING: 0
(Thread-2) [03-29-2022 21:09:33 PM] DEBUG:     QUEUED: 0
(Thread-2) [03-29-2022 21:09:33 PM] DEBUG:     SUBMITTED: 10
(Thread-2) [03-29-2022 21:09:33 PM] DEBUG:     DONE: 0
(Thread-2) [03-29-2022 21:09:43 PM] DEBUG: Starting heartbeat 3
(Thread-2) [03-29-2022 21:09:43 PM] DEBUG:     WAITING: 0
(Thread-2) [03-29-2022 21:09:43 PM] DEBUG:     QUEUED: 0
(Thread-2) [03-29-2022 21:09:43 PM] DEBUG:     SUBMITTED: 0
(Thread-2) [03-29-2022 21:09:43 PM] DEBUG:     DONE: 10
(Thread-2) [03-29-2022 21:09:53 PM] DEBUG: Starting heartbeat 4
(Thread-2) [03-29-2022 21:09:53 PM] DEBUG:     WAITING: 0
(Thread-2) [03-29-2022 21:09:53 PM] DEBUG:     QUEUED: 0
(Thread-2) [03-29-2022 21:09:53 PM] DEBUG:     SUBMITTED: 0
(Thread-2) [03-29-2022 21:09:53 PM] DEBUG:     DONE: 0
(Thread-2) [03-29-2022 21:10:03 PM] DEBUG: Starting heartbeat 5
(Thread-2) [03-29-2022 21:10:03 PM] DEBUG:     WAITING: 0
(Thread-2) [03-29-2022 21:10:03 PM] DEBUG:     QUEUED: 0
(Thread-2) [03-29-2022 21:10:03 PM] DEBUG:     SUBMITTED: 0
(Thread-2) [03-29-2022 21:10:03 PM] DEBUG:     DONE: 0
(MainThread) [03-29-2022 21:10:05 PM] INFO: Stopping Donkey (received SIGINT)
